#-----------------------------------------------------------
# Vivado v2019.2 (64-bit)
# SW Build 2708876 on Wed Nov  6 21:40:23 MST 2019
# IP Build 2700528 on Thu Nov  7 00:09:20 MST 2019
# Start of session at: Wed Aug 30 19:01:04 2023
# Process ID: 6616
# Current directory: F:/Desktop/pipelineCPU
# Command line: vivado.exe -gui_launcher_event rodinguilauncherevent10388 F:\Desktop\pipelineCPU\pipelineCPU.xpr
# Log file: F:/Desktop/pipelineCPU/vivado.log
# Journal file: F:/Desktop/pipelineCPU\vivado.jou
#-----------------------------------------------------------
start_gui
open_project F:/Desktop/pipelineCPU/pipelineCPU.xpr
Scanning sources...
Finished scanning sources
INFO: [IP_Flow 19-234] Refreshing IP repositories
INFO: [IP_Flow 19-1704] No user IP repositories specified
INFO: [IP_Flow 19-2313] Loaded Vivado IP repository 'F:/vivado/Vivado/2019.2/data/ip'.
open_project: Time (s): cpu = 00:00:13 ; elapsed = 00:00:06 . Memory (MB): peak = 892.488 ; gain = 239.934
update_compile_order -fileset sources_1
exit
INFO: [Common 17-206] Exiting Vivado at Wed Aug 30 19:01:46 2023...
